2025-08-29 01:28:23,758 - INFO - ✓ numpy 可用
2025-08-29 01:28:23,764 - INFO - ✓ scipy 可用
2025-08-29 01:28:23,764 - INFO - ✓ PIL 可用
2025-08-29 01:28:23,850 - INFO - ✓ cv2 可用
2025-08-29 01:28:23,851 - WARNING - ✗ torch 不可用，将使用 Mock 实现
2025-08-29 01:28:23,851 - WARNING - ✗ diffusers 不可用，将使用 Mock 实现
2025-08-29 01:28:23,851 - WARNING - ✗ transformers 不可用，将使用 Mock 实现
2025-08-29 01:28:24,259 - INFO - 开始 DDCM + GS 水印系统演示
2025-08-29 01:28:24,264 - INFO - 创建测试图像: (256, 256, 3)
2025-08-29 01:28:24,268 - INFO - 初始化 GS 水印系统: codebook_size=512, feature_dim=256, watermark_length=32
2025-08-29 01:28:24,268 - INFO - 开始嵌入水印: 'DDCM+GS测试'
2025-08-29 01:28:24,268 - ERROR - 演示过程中发生错误: Seed must be between 0 and 2**32 - 1
2025-08-29 01:28:24,269 - ERROR - DDCM + GS 水印系统演示失败
2025-08-29 01:28:52,111 - INFO - ✓ numpy 可用
2025-08-29 01:28:52,126 - INFO - ✓ scipy 可用
2025-08-29 01:28:52,127 - INFO - ✓ PIL 可用
2025-08-29 01:28:52,147 - INFO - ✓ cv2 可用
2025-08-29 01:28:52,147 - WARNING - ✗ torch 不可用，将使用 Mock 实现
2025-08-29 01:28:52,147 - WARNING - ✗ diffusers 不可用，将使用 Mock 实现
2025-08-29 01:28:52,147 - WARNING - ✗ transformers 不可用，将使用 Mock 实现
2025-08-29 01:28:52,538 - INFO - 开始 DDCM + GS 水印系统演示
2025-08-29 01:28:52,543 - INFO - 创建测试图像: (256, 256, 3)
2025-08-29 01:28:52,546 - INFO - 初始化 GS 水印系统: codebook_size=512, feature_dim=256, watermark_length=32
2025-08-29 01:28:52,546 - INFO - 开始嵌入水印: 'DDCM+GS测试'
2025-08-29 01:28:52,992 - INFO - 水印嵌入完成
2025-08-29 01:28:52,993 - INFO - 水印嵌入耗时: 0.45 秒
2025-08-29 01:28:52,993 - INFO - 开始提取水印
2025-08-29 01:28:53,441 - INFO - 水印提取完成: ''
2025-08-29 01:28:53,442 - INFO - 水印提取耗时: 0.45 秒
2025-08-29 01:28:54,396 - INFO - 评估报告已生成: watermark_evaluation/evaluation_report.txt
2025-08-29 01:28:54,396 - INFO - DDCM + GS 水印系统演示完成
2025-08-29 01:30:23,827 - INFO - ✓ numpy 可用
2025-08-29 01:30:23,842 - INFO - ✓ scipy 可用
2025-08-29 01:30:23,842 - INFO - ✓ PIL 可用
2025-08-29 01:30:23,862 - INFO - ✓ cv2 可用
2025-08-29 01:30:23,862 - WARNING - ✗ torch 不可用，将使用 Mock 实现
2025-08-29 01:30:23,862 - WARNING - ✗ diffusers 不可用，将使用 Mock 实现
2025-08-29 01:30:23,863 - WARNING - ✗ transformers 不可用，将使用 Mock 实现
2025-08-29 01:30:24,248 - INFO - 开始 DDCM + GS 水印系统演示
2025-08-29 01:30:24,252 - INFO - 创建测试图像: (256, 256, 3)
2025-08-29 01:30:24,256 - INFO - 初始化 GS 水印系统: codebook_size=512, feature_dim=256, watermark_length=32
2025-08-29 01:30:24,256 - INFO - 开始嵌入水印: 'DDCM+GS-Test'
2025-08-29 01:30:24,689 - ERROR - 演示过程中发生错误: operands could not be broadcast together with shapes (108,256) (1024,256) 
2025-08-29 01:30:24,690 - ERROR - DDCM + GS 水印系统演示失败
2025-08-29 01:30:46,218 - INFO - ✓ numpy 可用
2025-08-29 01:30:46,233 - INFO - ✓ scipy 可用
2025-08-29 01:30:46,233 - INFO - ✓ PIL 可用
2025-08-29 01:30:46,253 - INFO - ✓ cv2 可用
2025-08-29 01:30:46,253 - WARNING - ✗ torch 不可用，将使用 Mock 实现
2025-08-29 01:30:46,253 - WARNING - ✗ diffusers 不可用，将使用 Mock 实现
2025-08-29 01:30:46,254 - WARNING - ✗ transformers 不可用，将使用 Mock 实现
2025-08-29 01:30:46,639 - INFO - 开始 DDCM + GS 水印系统演示
2025-08-29 01:30:46,644 - INFO - 创建测试图像: (256, 256, 3)
2025-08-29 01:30:46,648 - INFO - 初始化 GS 水印系统: codebook_size=512, feature_dim=256, watermark_length=32
2025-08-29 01:30:46,648 - INFO - 开始嵌入水印: 'DDCM+GS-Test'
2025-08-29 01:30:47,075 - INFO - 水印嵌入完成
2025-08-29 01:30:47,076 - INFO - 水印嵌入耗时: 0.43 秒
2025-08-29 01:30:47,076 - INFO - 开始提取水印
2025-08-29 01:30:47,498 - INFO - 水印提取完成: ''
2025-08-29 01:30:47,499 - INFO - 水印提取耗时: 0.42 秒
2025-08-29 01:30:48,453 - INFO - 评估报告已生成: watermark_evaluation/evaluation_report.txt
2025-08-29 01:30:48,453 - INFO - DDCM + GS 水印系统演示完成
